[2021-03-13 11:26:32 +0000] [1576] [INFO] Starting gunicorn 20.0.4
[2021-03-13 11:26:32 +0000] [1576] [INFO] Listening at: http://0.0.0.0:5000 (1576)
[2021-03-13 11:26:32 +0000] [1576] [INFO] Using worker: threads
[2021-03-13 11:26:32 +0000] [1578] [INFO] Booting worker with pid: 1578
[2021-03-13 11:33:16 +0000] [1576] [INFO] Handling signal: int
[2021-03-13 11:33:17 +0000] [1578] [INFO] Worker exiting (pid: 1578)
[2021-03-13 11:33:17 +0000] [1576] [INFO] Shutting down: Master
[2021-03-13 11:34:20 +0000] [1593] [INFO] Starting gunicorn 20.0.4
[2021-03-13 11:34:20 +0000] [1593] [INFO] Listening at: http://0.0.0.0:5000 (1593)
[2021-03-13 11:34:20 +0000] [1593] [INFO] Using worker: threads
[2021-03-13 11:34:20 +0000] [1595] [INFO] Booting worker with pid: 1595
[2021-03-13 11:40:17 +0000] [1593] [INFO] Handling signal: int
[2021-03-13 11:40:17 +0000] [1595] [INFO] Worker exiting (pid: 1595)
[2021-03-13 11:40:17 +0000] [1593] [INFO] Shutting down: Master
[2021-03-13 22:59:35 +0000] [2377] [INFO] Starting gunicorn 20.0.4
[2021-03-13 22:59:35 +0000] [2377] [INFO] Listening at: http://0.0.0.0:5000 (2377)
[2021-03-13 22:59:35 +0000] [2377] [INFO] Using worker: threads
[2021-03-13 22:59:35 +0000] [2379] [INFO] Booting worker with pid: 2379
[2021-03-13 23:01:52 +0000] [2377] [INFO] Handling signal: int
[2021-03-13 23:01:52 +0000] [2379] [INFO] Worker exiting (pid: 2379)
[2021-03-13 23:02:22 +0000] [2377] [INFO] Shutting down: Master
